<?xml version="1.0" encoding="UTF-8"?>
<!-- Generated by org.testng.reporters.JUnitXMLReporter -->
<testsuite ignored="0" hostname="LAPTOP-MRSAD92K" failures="0" tests="4" name="Default test" time="13.136" errors="0" timestamp="2024-12-27T20:38:20 IST">
  <testcase classname="com.Assignments.OHRM_Login_Logout" name="login1" time="1.473"/>
  <testcase classname="com.Assignments.OHRM_Login_Logout" name="login2" time="1.057"/>
  <testcase classname="com.Assignments.OHRM_Login_Logout" name="login3" time="1.424"/>
  <testcase classname="com.Assignments.OHRM_Login_Logout" name="login4" time="0.501"/>
</testsuite> <!-- Default test -->
